<?xml version="1.0" encoding="UTF-8"?>
<!-- Generated by org.testng.reporters.JUnitReportReporter -->
<testsuite hostname="B0599.local" failures="0" tests="4" name="automation.api_tests.tests.TestGETMovie" time="4.640" errors="0" timestamp="2023-05-01T03:01:37 IST" skipped="0">
  <testcase classname="automation.api_tests.tests.TestGETMovie" name="testNotFound" time="0.472"/>
  <system-out/>
  <testcase classname="automation.api_tests.tests.TestGETMovie" name="testGetTopRatedMovieByToken" time="0.295"/>
  <system-out/>
  <testcase classname="automation.api_tests.tests.TestGETMovie" name="testGetTopRatedMovieByAPIKeyInvalid" time="0.754"/>
  <system-out/>
  <testcase classname="automation.api_tests.tests.TestGETMovie" name="testGetTopRatedMovieByAPIKey" time="3.119"/>
  <system-out/>
</testsuite> <!-- automation.api_tests.tests.TestGETMovie -->
